
****************** gen_matrix ********************************************************

The tool generates a matrix file under the specified --outdir  .

***************************************************************************************
    
Output Directory: /opt/software/internal/fungene/matrix
Results File: /opt/software/internal/fungene/matrix/gen_matrix.gene_id.expected_count.txt
Target Colunm index: 4
Colunm index of rowIDs: 0
Round results: False
Input Files Count: 12
Input Files List:
==
FileID	FileName	ColunmsCount	RowsCount	RowIDsHeader	TargetColunmHeader
f1	/data/projects/DustinUpdike/Jesse_GLH-1/rsem/144-1T.genes.results	7	46779	gene_id	expected_count
f2	/data/projects/DustinUpdike/Jesse_GLH-1/rsem/144-1P.genes.results	7	46779	gene_id	expected_count
f3	/data/projects/DustinUpdike/Jesse_GLH-1/rsem/144-2P.genes.results	7	46779	gene_id	expected_count
f4	/data/projects/DustinUpdike/Jesse_GLH-1/rsem/144-2T.genes.results	7	46779	gene_id	expected_count
f5	/data/projects/DustinUpdike/Jesse_GLH-1/rsem/144-3T.genes.results	7	46779	gene_id	expected_count
f6	/data/projects/DustinUpdike/Jesse_GLH-1/rsem/144-3P.genes.results	7	46779	gene_id	expected_count
f7	/data/projects/DustinUpdike/Jesse_GLH-1/rsem/64-1T.genes.results	7	46779	gene_id	expected_count
f8	/data/projects/DustinUpdike/Jesse_GLH-1/rsem/64-1P.genes.results	7	46779	gene_id	expected_count
f9	/data/projects/DustinUpdike/Jesse_GLH-1/rsem/64-2T.genes.results	7	46779	gene_id	expected_count
f10	/data/projects/DustinUpdike/Jesse_GLH-1/rsem/64-2P.genes.results	7	46779	gene_id	expected_count
f11	/data/projects/DustinUpdike/Jesse_GLH-1/rsem/64-3P.genes.results	7	46779	gene_id	expected_count
f12	/data/projects/DustinUpdike/Jesse_GLH-1/rsem/64-3T.genes.results	7	46779	gene_id	expected_count
Program Started: 2019-02-14 14:22:24.497204
==
Program Ended: 2019-02-14 14:22:46.876902
